DEB [20141119-14:36:29.156] thr=1   paramiko.transport: starting thread (client mode): 0x833f5210L
INF [20141119-14:36:29.157] thr=1   paramiko.transport: Connected (version 2.0, client OpenSSH_6.6.1p1)
DEB [20141119-14:36:29.159] thr=1   paramiko.transport: kex algos:[u'curve25519-sha256@libssh.org', u'ecdh-sha2-nistp256', u'ecdh-sha2-nistp384', u'ecdh-sha2-nistp521', u'diffie-hellman-group-exchange-sha256', u'diffie-hellman-group-exchange-sha1', u'diffie-hellman-group14-sha1', u'diffie-hellman-group1-sha1'] server key:[u'ssh-rsa', u'ssh-dss', u'ecdsa-sha2-nistp256', u'ssh-ed25519'] client encrypt:[u'aes128-ctr', u'aes192-ctr', u'aes256-ctr', u'arcfour256', u'arcfour128', u'aes128-gcm@openssh.com', u'aes256-gcm@openssh.com', u'chacha20-poly1305@openssh.com', u'aes128-cbc', u'3des-cbc', u'blowfish-cbc', u'cast128-cbc', u'aes192-cbc', u'aes256-cbc', u'arcfour', u'rijndael-cbc@lysator.liu.se'] server encrypt:[u'aes128-ctr', u'aes192-ctr', u'aes256-ctr', u'arcfour256', u'arcfour128', u'aes128-gcm@openssh.com', u'aes256-gcm@openssh.com', u'chacha20-poly1305@openssh.com', u'aes128-cbc', u'3des-cbc', u'blowfish-cbc', u'cast128-cbc', u'aes192-cbc', u'aes256-cbc', u'arcfour', u'rijndael-cbc@lysator.liu.se'] client mac:[u'hmac-md5-etm@openssh.com', u'hmac-sha1-etm@openssh.com', u'umac-64-etm@openssh.com', u'umac-128-etm@openssh.com', u'hmac-sha2-256-etm@openssh.com', u'hmac-sha2-512-etm@openssh.com', u'hmac-ripemd160-etm@openssh.com', u'hmac-sha1-96-etm@openssh.com', u'hmac-md5-96-etm@openssh.com', u'hmac-md5', u'hmac-sha1', u'umac-64@openssh.com', u'umac-128@openssh.com', u'hmac-sha2-256', u'hmac-sha2-512', u'hmac-ripemd160', u'hmac-ripemd160@openssh.com', u'hmac-sha1-96', u'hmac-md5-96'] server mac:[u'hmac-md5-etm@openssh.com', u'hmac-sha1-etm@openssh.com', u'umac-64-etm@openssh.com', u'umac-128-etm@openssh.com', u'hmac-sha2-256-etm@openssh.com', u'hmac-sha2-512-etm@openssh.com', u'hmac-ripemd160-etm@openssh.com', u'hmac-sha1-96-etm@openssh.com', u'hmac-md5-96-etm@openssh.com', u'hmac-md5', u'hmac-sha1', u'umac-64@openssh.com', u'umac-128@openssh.com', u'hmac-sha2-256', u'hmac-sha2-512', u'hmac-ripemd160', u'hmac-ripemd160@openssh.com', u'hmac-sha1-96', u'hmac-md5-96'] client compress:[u'none', u'zlib@openssh.com'] server compress:[u'none', u'zlib@openssh.com'] client lang:[u''] server lang:[u''] kex follows?False
DEB [20141119-14:36:29.160] thr=1   paramiko.transport: Ciphers agreed: local=aes128-ctr, remote=aes128-ctr
DEB [20141119-14:36:29.160] thr=1   paramiko.transport: using kex diffie-hellman-group14-sha1; server key type ssh-rsa; cipher: local aes128-ctr, remote aes128-ctr; mac: local hmac-sha1, remote hmac-sha1; compression: local none, remote none
DEB [20141119-14:36:29.226] thr=1   paramiko.transport: Switch to new keys ...
DEB [20141119-14:36:29.258] thr=2   paramiko.transport: Adding ssh-rsa host key for [127.0.0.1]:43705: 4f91560faf86a91a7d98c8b45ebb7b6b
DEB [20141119-14:36:29.259] thr=2   paramiko.transport: Trying SSH key 6f38fb3ab71f625dba5a1e8d304e7154
DEB [20141119-14:36:29.265] thr=1   paramiko.transport: userauth is OK
INF [20141119-14:36:29.373] thr=1   paramiko.transport: Authentication (publickey) successful!
DEB [20141119-14:36:29.380] thr=2   paramiko.transport: [chan 1] Max packet in: 32768 bytes
DEB [20141119-14:36:29.718] thr=1   paramiko.transport: [chan 1] Max packet out: 32768 bytes
DEB [20141119-14:36:29.718] thr=1   paramiko.transport: Secsh channel 1 opened.
DEB [20141119-14:36:29.747] thr=1   paramiko.transport: [chan 1] Sesch channel 1 request ok
DEB [20141119-14:36:29.749] thr=1   paramiko.transport: [chan 1] Sesch channel 1 request ok
DEB [20141119-14:36:31.998] thr=1   paramiko.transport: [chan 1] EOF received (1)
DEB [20141119-14:36:31.999] thr=1   paramiko.transport: [chan 1] EOF sent (1)
DEB [20141119-14:36:32.000] thr=1   paramiko.transport: EOF in transport thread
DEB [20141119-14:37:17.023] thr=3   paramiko.transport: starting thread (client mode): 0x8138bad0L
INF [20141119-14:37:17.024] thr=3   paramiko.transport: Connected (version 2.0, client OpenSSH_6.6.1p1)
DEB [20141119-14:37:17.026] thr=3   paramiko.transport: kex algos:[u'curve25519-sha256@libssh.org', u'ecdh-sha2-nistp256', u'ecdh-sha2-nistp384', u'ecdh-sha2-nistp521', u'diffie-hellman-group-exchange-sha256', u'diffie-hellman-group-exchange-sha1', u'diffie-hellman-group14-sha1', u'diffie-hellman-group1-sha1'] server key:[u'ssh-rsa', u'ssh-dss', u'ecdsa-sha2-nistp256', u'ssh-ed25519'] client encrypt:[u'aes128-ctr', u'aes192-ctr', u'aes256-ctr', u'arcfour256', u'arcfour128', u'aes128-gcm@openssh.com', u'aes256-gcm@openssh.com', u'chacha20-poly1305@openssh.com', u'aes128-cbc', u'3des-cbc', u'blowfish-cbc', u'cast128-cbc', u'aes192-cbc', u'aes256-cbc', u'arcfour', u'rijndael-cbc@lysator.liu.se'] server encrypt:[u'aes128-ctr', u'aes192-ctr', u'aes256-ctr', u'arcfour256', u'arcfour128', u'aes128-gcm@openssh.com', u'aes256-gcm@openssh.com', u'chacha20-poly1305@openssh.com', u'aes128-cbc', u'3des-cbc', u'blowfish-cbc', u'cast128-cbc', u'aes192-cbc', u'aes256-cbc', u'arcfour', u'rijndael-cbc@lysator.liu.se'] client mac:[u'hmac-md5-etm@openssh.com', u'hmac-sha1-etm@openssh.com', u'umac-64-etm@openssh.com', u'umac-128-etm@openssh.com', u'hmac-sha2-256-etm@openssh.com', u'hmac-sha2-512-etm@openssh.com', u'hmac-ripemd160-etm@openssh.com', u'hmac-sha1-96-etm@openssh.com', u'hmac-md5-96-etm@openssh.com', u'hmac-md5', u'hmac-sha1', u'umac-64@openssh.com', u'umac-128@openssh.com', u'hmac-sha2-256', u'hmac-sha2-512', u'hmac-ripemd160', u'hmac-ripemd160@openssh.com', u'hmac-sha1-96', u'hmac-md5-96'] server mac:[u'hmac-md5-etm@openssh.com', u'hmac-sha1-etm@openssh.com', u'umac-64-etm@openssh.com', u'umac-128-etm@openssh.com', u'hmac-sha2-256-etm@openssh.com', u'hmac-sha2-512-etm@openssh.com', u'hmac-ripemd160-etm@openssh.com', u'hmac-sha1-96-etm@openssh.com', u'hmac-md5-96-etm@openssh.com', u'hmac-md5', u'hmac-sha1', u'umac-64@openssh.com', u'umac-128@openssh.com', u'hmac-sha2-256', u'hmac-sha2-512', u'hmac-ripemd160', u'hmac-ripemd160@openssh.com', u'hmac-sha1-96', u'hmac-md5-96'] client compress:[u'none', u'zlib@openssh.com'] server compress:[u'none', u'zlib@openssh.com'] client lang:[u''] server lang:[u''] kex follows?False
DEB [20141119-14:37:17.027] thr=3   paramiko.transport: Ciphers agreed: local=aes128-ctr, remote=aes128-ctr
DEB [20141119-14:37:17.027] thr=3   paramiko.transport: using kex diffie-hellman-group14-sha1; server key type ssh-rsa; cipher: local aes128-ctr, remote aes128-ctr; mac: local hmac-sha1, remote hmac-sha1; compression: local none, remote none
DEB [20141119-14:37:17.092] thr=3   paramiko.transport: Switch to new keys ...
DEB [20141119-14:37:17.125] thr=4   paramiko.transport: Adding ssh-rsa host key for [127.0.0.1]:43716: 4f91560faf86a91a7d98c8b45ebb7b6b
DEB [20141119-14:37:17.126] thr=4   paramiko.transport: Trying SSH key 6f38fb3ab71f625dba5a1e8d304e7154
DEB [20141119-14:37:17.129] thr=3   paramiko.transport: userauth is OK
INF [20141119-14:37:17.240] thr=3   paramiko.transport: Authentication (publickey) successful!
DEB [20141119-14:37:17.248] thr=4   paramiko.transport: [chan 1] Max packet in: 32768 bytes
DEB [20141119-14:37:17.610] thr=3   paramiko.transport: [chan 1] Max packet out: 32768 bytes
DEB [20141119-14:37:17.610] thr=3   paramiko.transport: Secsh channel 1 opened.
DEB [20141119-14:37:17.615] thr=3   paramiko.transport: [chan 1] Sesch channel 1 request ok
DEB [20141119-14:37:17.617] thr=3   paramiko.transport: [chan 1] Sesch channel 1 request ok
DEB [20141119-14:37:22.461] thr=3   paramiko.transport: [chan 1] EOF received (1)
DEB [20141119-14:37:22.462] thr=3   paramiko.transport: [chan 1] EOF sent (1)
DEB [20141119-14:37:22.564] thr=3   paramiko.transport: EOF in transport thread
